# JRE version: Java(TM) SE Runtime Environment (8.0_111-b14) (build 1.8.0_111-b14)
# Java VM: Java HotSpot(TM) 64-Bit Server VM (25.111-b14 mixed mode windows-amd64 compressed oops)
Heap:
 PSYoungGen      total 23552K, used 12657K [0x00000000eb200000, 0x00000000ed400000, 0x0000000100000000)
  eden space 15360K, 62% used [0x00000000eb200000,0x00000000ebb52138,0x00000000ec100000)
  from space 8192K, 38% used [0x00000000eca00000,0x00000000ecd0a628,0x00000000ed200000)
  to   space 9216K, 0% used [0x00000000ec100000,0x00000000ec100000,0x00000000eca00000)
 ParOldGen       total 44032K, used 22431K [0x00000000c1600000, 0x00000000c4100000, 0x00000000eb200000)
  object space 44032K, 50% used [0x00000000c1600000,0x00000000c2be7ec8,0x00000000c4100000)
 Metaspace       used 16401K, capacity 16620K, committed 17024K, reserved 1064960K
  class space    used 1996K, capacity 2072K, committed 2176K, reserved 1048576K
GC Heap History (10 events):
Event: 52.421 GC heap before
{Heap before GC invocations=2 (full 0):
 PSYoungGen      total 18944K, used 18921K [0x00000000eb200000, 0x00000000ec700000, 0x0000000100000000)
  eden space 16384K, 100% used [0x00000000eb200000,0x00000000ec200000,0x00000000ec200000)
  from space 2560K, 99% used [0x00000000ec200000,0x00000000ec47a628,0x00000000ec480000)
  to   space 2560K, 0% used [0x00000000ec480000,0x00000000ec480000,0x00000000ec700000)
 ParOldGen       total 44032K, used 4170K [0x00000000c1600000, 0x00000000c4100000, 0x00000000eb200000)
  object space 44032K, 9% used [0x00000000c1600000,0x00000000c1a128f0,0x00000000c4100000)
 Metaspace       used 15325K, capacity 15530K, committed 15872K, reserved 1062912K
  class space    used 1943K, capacity 2033K, committed 2048K, reserved 1048576K
Event: 52.437 GC heap after
Heap after GC invocations=2 (full 0):
 PSYoungGen      total 18944K, used 2537K [0x00000000eb200000, 0x00000000ec700000, 0x0000000100000000)
  eden space 16384K, 0% used [0x00000000eb200000,0x00000000eb200000,0x00000000ec200000)
  from space 2560K, 99% used [0x00000000ec480000,0x00000000ec6fa628,0x00000000ec700000)
  to   space 2560K, 0% used [0x00000000ec200000,0x00000000ec200000,0x00000000ec480000)
 ParOldGen       total 44032K, used 8521K [0x00000000c1600000, 0x00000000c4100000, 0x00000000eb200000)
  object space 44032K, 19% used [0x00000000c1600000,0x00000000c1e524c0,0x00000000c4100000)
 Metaspace       used 15325K, capacity 15530K, committed 15872K, reserved 1062912K
  class space    used 1943K, capacity 2033K, committed 2048K, reserved 1048576K
}
Event: 91.926 GC heap before
{Heap before GC invocations=3 (full 0):
 PSYoungGen      total 18944K, used 18921K [0x00000000eb200000, 0x00000000ec700000, 0x0000000100000000)
  eden space 16384K, 100% used [0x00000000eb200000,0x00000000ec200000,0x00000000ec200000)
  from space 2560K, 99% used [0x00000000ec480000,0x00000000ec6fa628,0x00000000ec700000)
  to   space 2560K, 0% used [0x00000000ec200000,0x00000000ec200000,0x00000000ec480000)
 ParOldGen       total 44032K, used 8521K [0x00000000c1600000, 0x00000000c4100000, 0x00000000eb200000)
  object space 44032K, 19% used [0x00000000c1600000,0x00000000c1e524c0,0x00000000c4100000)
 Metaspace       used 15545K, capacity 15726K, committed 15872K, reserved 1062912K
  class space    used 1949K, capacity 2035K, committed 2048K, reserved 1048576K
Event: 91.942 GC heap after
Heap after GC invocations=3 (full 0):
 PSYoungGen      total 18944K, used 2537K [0x00000000eb200000, 0x00000000ec700000, 0x0000000100000000)
  eden space 16384K, 0% used [0x00000000eb200000,0x00000000eb200000,0x00000000ec200000)
  from space 2560K, 99% used [0x00000000ec200000,0x00000000ec47a628,0x00000000ec480000)
  to   space 2560K, 0% used [0x00000000ec480000,0x00000000ec480000,0x00000000ec700000)
 ParOldGen       total 44032K, used 12822K [0x00000000c1600000, 0x00000000c4100000, 0x00000000eb200000)
  object space 44032K, 29% used [0x00000000c1600000,0x00000000c2285ab8,0x00000000c4100000)
 Metaspace       used 15545K, capacity 15726K, committed 15872K, reserved 1062912K
  class space    used 1949K, capacity 2035K, committed 2048K, reserved 1048576K
}
Event: 143.113 GC heap before
{Heap before GC invocations=4 (full 0):
 PSYoungGen      total 18944K, used 18921K [0x00000000eb200000, 0x00000000ec700000, 0x0000000100000000)
  eden space 16384K, 100% used [0x00000000eb200000,0x00000000ec200000,0x00000000ec200000)
  from space 2560K, 99% used [0x00000000ec200000,0x00000000ec47a628,0x00000000ec480000)
  to   space 2560K, 0% used [0x00000000ec480000,0x00000000ec480000,0x00000000ec700000)
 ParOldGen       total 44032K, used 12822K [0x00000000c1600000, 0x00000000c4100000, 0x00000000eb200000)
  object space 44032K, 29% used [0x00000000c1600000,0x00000000c2285ab8,0x00000000c4100000)
 Metaspace       used 15766K, capacity 15930K, committed 16128K, reserved 1062912K
  class space    used 1956K, capacity 2037K, committed 2048K, reserved 1048576K
Event: 143.158 GC heap after
Heap after GC invocations=4 (full 0):
 PSYoungGen      total 18944K, used 2537K [0x00000000eb200000, 0x00000000ec700000, 0x0000000100000000)
  eden space 16384K, 0% used [0x00000000eb200000,0x00000000eb200000,0x00000000ec200000)
  from space 2560K, 99% used [0x00000000ec480000,0x00000000ec6fa628,0x00000000ec700000)
  to   space 2560K, 0% used [0x00000000ec200000,0x00000000ec200000,0x00000000ec480000)
 ParOldGen       total 44032K, used 16802K [0x00000000c1600000, 0x00000000c4100000, 0x00000000eb200000)
  object space 44032K, 38% used [0x00000000c1600000,0x00000000c26688a0,0x00000000c4100000)
 Metaspace       used 15766K, capacity 15930K, committed 16128K, reserved 1062912K
  class space    used 1956K, capacity 2037K, committed 2048K, reserved 1048576K
}
Event: 185.560 GC heap before
{Heap before GC invocations=5 (full 0):
 PSYoungGen      total 18944K, used 18921K [0x00000000eb200000, 0x00000000ec700000, 0x0000000100000000)
  eden space 16384K, 100% used [0x00000000eb200000,0x00000000ec200000,0x00000000ec200000)
  from space 2560K, 99% used [0x00000000ec480000,0x00000000ec6fa628,0x00000000ec700000)
  to   space 2560K, 0% used [0x00000000ec200000,0x00000000ec200000,0x00000000ec480000)
 ParOldGen       total 44032K, used 16802K [0x00000000c1600000, 0x00000000c4100000, 0x00000000eb200000)
  object space 44032K, 38% used [0x00000000c1600000,0x00000000c26688a0,0x00000000c4100000)
 Metaspace       used 15983K, capacity 16218K, committed 16512K, reserved 1062912K
  class space    used 1971K, capacity 2069K, committed 2176K, reserved 1048576K
Event: 185.576 GC heap after
Heap after GC invocations=5 (full 0):
 PSYoungGen      total 18944K, used 2537K [0x00000000eb200000, 0x00000000ed200000, 0x0000000100000000)
  eden space 16384K, 0% used [0x00000000eb200000,0x00000000eb200000,0x00000000ec200000)
  from space 2560K, 99% used [0x00000000ec200000,0x00000000ec47a628,0x00000000ec480000)
  to   space 8192K, 0% used [0x00000000eca00000,0x00000000eca00000,0x00000000ed200000)
 ParOldGen       total 44032K, used 22431K [0x00000000c1600000, 0x00000000c4100000, 0x00000000eb200000)
  object space 44032K, 50% used [0x00000000c1600000,0x00000000c2be7ec8,0x00000000c4100000)
 Metaspace       used 15983K, capacity 16218K, committed 16512K, reserved 1062912K
  class space    used 1971K, capacity 2069K, committed 2176K, reserved 1048576K
}
Event: 219.785 GC heap before
{Heap before GC invocations=6 (full 0):
 PSYoungGen      total 18944K, used 18921K [0x00000000eb200000, 0x00000000ed200000, 0x0000000100000000)
  eden space 16384K, 100% used [0x00000000eb200000,0x00000000ec200000,0x00000000ec200000)
  from space 2560K, 99% used [0x00000000ec200000,0x00000000ec47a628,0x00000000ec480000)
  to   space 8192K, 0% used [0x00000000eca00000,0x00000000eca00000,0x00000000ed200000)
 ParOldGen       total 44032K, used 22431K [0x00000000c1600000, 0x00000000c4100000, 0x00000000eb200000)
  object space 44032K, 50% used [0x00000000c1600000,0x00000000c2be7ec8,0x00000000c4100000)
 Metaspace       used 16083K, capacity 16288K, committed 16512K, reserved 1062912K
  class space    used 1973K, capacity 2070K, committed 2176K, reserved 1048576K
Event: 219.799 GC heap after
Heap after GC invocations=6 (full 0):
 PSYoungGen      total 23552K, used 3113K [0x00000000eb200000, 0x00000000ed400000, 0x0000000100000000)
  eden space 15360K, 0% used [0x00000000eb200000,0x00000000eb200000,0x00000000ec100000)
  from space 8192K, 38% used [0x00000000eca00000,0x00000000ecd0a628,0x00000000ed200000)
  to   space 9216K, 0% used [0x00000000ec100000,0x00000000ec100000,0x00000000eca00000)
 ParOldGen       total 44032K, used 22431K [0x00000000c1600000, 0x00000000c4100000, 0x00000000eb200000)
  object space 44032K, 50% used [0x00000000c1600000,0x00000000c2be7ec8,0x00000000c4100000)
 Metaspace       used 16083K, capacity 16288K, committed 16512K, reserved 1062912K
  class space    used 1973K, capacity 2070K, committed 2176K, reserved 1048576K
}

